android/app/build/intermediates/manifest_merge_blame_file/debug/manifest-merger-blame-debug-report.txt
1<?xml version="1.0" encoding="utf-8"?>
2<manifest xmlns:android="http://schemas.android.com/apk/res/android"
3    package="com.sc.meadhikari"
4    android:versionCode="1"
5    android:versionName="1.0.0" >
6
7    <uses-sdk
8        android:minSdkVersion="23"
9        android:targetSdkVersion="34" />
10
11    <uses-permission android:name="android.permission.INTERNET" />
11-->src/main/AndroidManifest.xml:3:5-67
11-->src/main/AndroidManifest.xml:3:22-64
12    <uses-permission android:name="android.permission.WAKE_LOCK" />
12-->[:react-native-firebase_messaging] AndroidManifest.xml:8:5-68
12-->[:react-native-firebase_messaging] AndroidManifest.xml:8:22-65
13    <uses-permission android:name="android.permission.ACCESS_NETWORK_STATE" /> <!-- Required to check whether Wi-Fi is enabled -->
13-->[:react-native-firebase_messaging] AndroidManifest.xml:9:5-79
13-->[:react-native-firebase_messaging] AndroidManifest.xml:9:22-76
14    <uses-permission android:name="android.permission.ACCESS_WIFI_STATE" /> <!-- Required to read and write the expansion files on shared storage -->
14-->[:react-native-blob-util] AndroidManifest.xml:23:5-76
14-->[:react-native-blob-util] AndroidManifest.xml:23:22-73
15    <uses-permission android:name="android.permission.WRITE_EXTERNAL_STORAGE" /> <!-- Required to read and write the expansion files on shared storage for Android 11 -->
15-->[:react-native-blob-util] AndroidManifest.xml:26:5-81
15-->[:react-native-blob-util] AndroidManifest.xml:26:22-78
16    <uses-permission android:name="android.permission.READ_EXTERNAL_STORAGE" /> <!-- Required to to download files without a notification -->
16-->[:react-native-blob-util] AndroidManifest.xml:29:5-80
16-->[:react-native-blob-util] AndroidManifest.xml:29:22-77
17    <uses-permission android:name="android.permission.DOWNLOAD_WITHOUT_NOTIFICATION" />
17-->[:react-native-blob-util] AndroidManifest.xml:32:5-88
17-->[:react-native-blob-util] AndroidManifest.xml:32:22-85
18
19    <queries>
19-->[:expo-file-system] AndroidManifest.xml:12:5-18:15
20
21        <!-- Query open documents -->
22        <intent>
22-->[:expo-file-system] AndroidManifest.xml:15:9-17:18
23            <action android:name="android.intent.action.OPEN_DOCUMENT_TREE" />
23-->[:expo-file-system] AndroidManifest.xml:16:13-79
23-->[:expo-file-system] AndroidManifest.xml:16:21-76
24        </intent>
25        <intent>
25-->[:expo-image-picker] AndroidManifest.xml:17:9-21:18
26
27            <!-- Required for picking images from the camera roll if targeting API 30 -->
28            <action android:name="android.media.action.IMAGE_CAPTURE" />
28-->[:expo-image-picker] AndroidManifest.xml:20:13-73
28-->[:expo-image-picker] AndroidManifest.xml:20:21-70
29        </intent>
30        <intent>
30-->[:expo-image-picker] AndroidManifest.xml:22:9-26:18
31
32            <!-- Required for picking images from the camera if targeting API 30 -->
33            <action android:name="android.media.action.ACTION_VIDEO_CAPTURE" />
33-->[:expo-image-picker] AndroidManifest.xml:25:13-80
33-->[:expo-image-picker] AndroidManifest.xml:25:21-77
34        </intent>
35        <intent>
35-->[:expo-sharing] AndroidManifest.xml:8:9-14:18
36
37            <!-- Required for file sharing if targeting API 30 -->
38            <action android:name="android.intent.action.SEND" />
38-->[:expo-sharing] AndroidManifest.xml:11:13-65
38-->[:expo-sharing] AndroidManifest.xml:11:21-62
39
40            <data android:mimeType="*/*" />
40-->[:expo-sharing] AndroidManifest.xml:13:13-44
40-->[:expo-sharing] AndroidManifest.xml:13:19-41
41        </intent>
42        <intent>
42-->[com.github.CanHub:Android-Image-Cropper:4.3.1] AndroidManifest.xml:10:9-16:18
43            <action android:name="android.intent.action.GET_CONTENT" />
43-->[com.github.CanHub:Android-Image-Cropper:4.3.1] AndroidManifest.xml:11:13-72
43-->[com.github.CanHub:Android-Image-Cropper:4.3.1] AndroidManifest.xml:11:21-69
44
45            <category android:name="android.intent.category.OPENABLE" />
45-->[com.github.CanHub:Android-Image-Cropper:4.3.1] AndroidManifest.xml:13:13-73
45-->[com.github.CanHub:Android-Image-Cropper:4.3.1] AndroidManifest.xml:13:23-70
46
47            <data android:mimeType="*/*" />
47-->[:expo-sharing] AndroidManifest.xml:13:13-44
47-->[:expo-sharing] AndroidManifest.xml:13:19-41
48        </intent>
49        <intent>
49-->[com.razorpay:standard-core:1.6.40] AndroidManifest.xml:11:9-17:18
50            <action android:name="android.intent.action.VIEW" />
50-->[com.razorpay:standard-core:1.6.40] AndroidManifest.xml:12:13-65
50-->[com.razorpay:standard-core:1.6.40] AndroidManifest.xml:12:21-62
51
52            <data
52-->[:expo-sharing] AndroidManifest.xml:13:13-44
53                android:mimeType="*/*"
53-->[:expo-sharing] AndroidManifest.xml:13:19-41
54                android:scheme="*" />
55        </intent>
56        <intent>
56-->[com.razorpay:standard-core:1.6.40] AndroidManifest.xml:18:9-27:18
57            <action android:name="android.intent.action.VIEW" />
57-->[com.razorpay:standard-core:1.6.40] AndroidManifest.xml:12:13-65
57-->[com.razorpay:standard-core:1.6.40] AndroidManifest.xml:12:21-62
58
59            <category android:name="android.intent.category.BROWSABLE" />
59-->[com.razorpay:standard-core:1.6.40] AndroidManifest.xml:21:13-74
59-->[com.razorpay:standard-core:1.6.40] AndroidManifest.xml:21:23-71
60
61            <data
61-->[:expo-sharing] AndroidManifest.xml:13:13-44
62                android:host="pay"
63                android:mimeType="*/*"
63-->[:expo-sharing] AndroidManifest.xml:13:19-41
64                android:scheme="upi" />
65        </intent>
66        <intent>
66-->[com.razorpay:standard-core:1.6.40] AndroidManifest.xml:28:9-30:18
67            <action android:name="android.intent.action.MAIN" />
67-->src/main/AndroidManifest.xml:21:13-65
67-->src/main/AndroidManifest.xml:21:21-62
68        </intent>
69        <intent>
69-->[com.razorpay:standard-core:1.6.40] AndroidManifest.xml:36:9-38:18
70            <action android:name="rzp.device_token.share" />
70-->[com.razorpay:standard-core:1.6.40] AndroidManifest.xml:37:13-61
70-->[com.razorpay:standard-core:1.6.40] AndroidManifest.xml:37:21-58
71        </intent>
72    </queries> <!-- Required for picking images from camera directly -->
73    <uses-permission android:name="android.permission.CAMERA" />
73-->[:expo-image-picker] AndroidManifest.xml:8:5-65
73-->[:expo-image-picker] AndroidManifest.xml:8:22-62
74    <uses-permission android:name="android.permission.READ_MEDIA_IMAGES" />
74-->[:expo-image-picker] AndroidManifest.xml:13:5-76
74-->[:expo-image-picker] AndroidManifest.xml:13:22-73
75    <uses-permission android:name="android.permission.READ_MEDIA_VIDEO" />
75-->[:expo-image-picker] AndroidManifest.xml:14:5-75
75-->[:expo-image-picker] AndroidManifest.xml:14:22-72
76    <uses-permission android:name="android.permission.ACCESS_COARSE_LOCATION" />
76-->[:expo-location] AndroidManifest.xml:7:5-81
76-->[:expo-location] AndroidManifest.xml:7:22-78
77    <uses-permission android:name="android.permission.ACCESS_FINE_LOCATION" />
77-->[:expo-location] AndroidManifest.xml:8:5-79
77-->[:expo-location] AndroidManifest.xml:8:22-76
78    <!--
79    This manifest file is used only by Gradle to configure debug-only capabilities
80    for React Native Apps.
81    -->
82    <uses-permission android:name="android.permission.SYSTEM_ALERT_WINDOW" /> <!-- Required by older versions of Google Play services to create IID tokens -->
82-->[com.facebook.react:react-android:0.74.5] AndroidManifest.xml:16:5-78
82-->[com.facebook.react:react-android:0.74.5] AndroidManifest.xml:16:22-75
83    <uses-permission android:name="com.google.android.c2dm.permission.RECEIVE" />
83-->[com.google.android.gms:play-services-iid:17.0.0] AndroidManifest.xml:23:5-82
83-->[com.google.android.gms:play-services-iid:17.0.0] AndroidManifest.xml:23:22-79
84    <uses-permission android:name="android.permission.POST_NOTIFICATIONS" />
84-->[com.google.firebase:firebase-messaging:23.4.1] AndroidManifest.xml:23:5-77
84-->[com.google.firebase:firebase-messaging:23.4.1] AndroidManifest.xml:23:22-74
85
86    <uses-feature
86-->[com.google.android.gms:play-services-maps:17.0.0] AndroidManifest.xml:26:5-28:35
87        android:glEsVersion="0x00020000"
87-->[com.google.android.gms:play-services-maps:17.0.0] AndroidManifest.xml:27:9-41
88        android:required="true" />
88-->[com.google.android.gms:play-services-maps:17.0.0] AndroidManifest.xml:28:9-32
89
90    <permission
90-->[androidx.core:core:1.12.0] AndroidManifest.xml:22:5-24:47
91        android:name="com.sc.meadhikari.DYNAMIC_RECEIVER_NOT_EXPORTED_PERMISSION"
91-->[androidx.core:core:1.12.0] AndroidManifest.xml:23:9-81
92        android:protectionLevel="signature" />
92-->[androidx.core:core:1.12.0] AndroidManifest.xml:24:9-44
93
94    <uses-permission android:name="com.sc.meadhikari.DYNAMIC_RECEIVER_NOT_EXPORTED_PERMISSION" />
94-->[androidx.core:core:1.12.0] AndroidManifest.xml:26:5-97
94-->[androidx.core:core:1.12.0] AndroidManifest.xml:26:22-94
95    <uses-permission android:name="com.google.android.finsky.permission.BIND_GET_INSTALL_REFERRER_SERVICE" /> <!-- for android -->
95-->[com.android.installreferrer:installreferrer:1.1.2] AndroidManifest.xml:9:5-110
95-->[com.android.installreferrer:installreferrer:1.1.2] AndroidManifest.xml:9:22-107
96    <!-- <uses-permission android:name="com.android.launcher.permission.READ_SETTINGS"/> -->
97    <!-- <uses-permission android:name="com.android.launcher.permission.WRITE_SETTINGS"/> -->
98    <!-- <uses-permission android:name="com.android.launcher.permission.INSTALL_SHORTCUT" /> -->
99    <!-- <uses-permission android:name="com.android.launcher.permission.UNINSTALL_SHORTCUT" /> -->
100    <!-- for Samsung -->
101    <uses-permission android:name="com.sec.android.provider.badge.permission.READ" />
101-->[me.leolin:ShortcutBadger:1.1.22] AndroidManifest.xml:19:5-86
101-->[me.leolin:ShortcutBadger:1.1.22] AndroidManifest.xml:19:22-83
102    <uses-permission android:name="com.sec.android.provider.badge.permission.WRITE" /> <!-- for htc -->
102-->[me.leolin:ShortcutBadger:1.1.22] AndroidManifest.xml:20:5-87
102-->[me.leolin:ShortcutBadger:1.1.22] AndroidManifest.xml:20:22-84
103    <uses-permission android:name="com.htc.launcher.permission.READ_SETTINGS" />
103-->[me.leolin:ShortcutBadger:1.1.22] AndroidManifest.xml:23:5-81
103-->[me.leolin:ShortcutBadger:1.1.22] AndroidManifest.xml:23:22-78
104    <uses-permission android:name="com.htc.launcher.permission.UPDATE_SHORTCUT" /> <!-- for sony -->
104-->[me.leolin:ShortcutBadger:1.1.22] AndroidManifest.xml:24:5-83
104-->[me.leolin:ShortcutBadger:1.1.22] AndroidManifest.xml:24:22-80
105    <uses-permission android:name="com.sonyericsson.home.permission.BROADCAST_BADGE" />
105-->[me.leolin:ShortcutBadger:1.1.22] AndroidManifest.xml:27:5-88
105-->[me.leolin:ShortcutBadger:1.1.22] AndroidManifest.xml:27:22-85
106    <uses-permission android:name="com.sonymobile.home.permission.PROVIDER_INSERT_BADGE" /> <!-- for apex -->
106-->[me.leolin:ShortcutBadger:1.1.22] AndroidManifest.xml:28:5-92
106-->[me.leolin:ShortcutBadger:1.1.22] AndroidManifest.xml:28:22-89
107    <uses-permission android:name="com.anddoes.launcher.permission.UPDATE_COUNT" /> <!-- for solid -->
107-->[me.leolin:ShortcutBadger:1.1.22] AndroidManifest.xml:31:5-84
107-->[me.leolin:ShortcutBadger:1.1.22] AndroidManifest.xml:31:22-81
108    <uses-permission android:name="com.majeur.launcher.permission.UPDATE_BADGE" /> <!-- for huawei -->
108-->[me.leolin:ShortcutBadger:1.1.22] AndroidManifest.xml:34:5-83
108-->[me.leolin:ShortcutBadger:1.1.22] AndroidManifest.xml:34:22-80
109    <uses-permission android:name="com.huawei.android.launcher.permission.CHANGE_BADGE" />
109-->[me.leolin:ShortcutBadger:1.1.22] AndroidManifest.xml:37:5-91
109-->[me.leolin:ShortcutBadger:1.1.22] AndroidManifest.xml:37:22-88
110    <uses-permission android:name="com.huawei.android.launcher.permission.READ_SETTINGS" />
110-->[me.leolin:ShortcutBadger:1.1.22] AndroidManifest.xml:38:5-92
110-->[me.leolin:ShortcutBadger:1.1.22] AndroidManifest.xml:38:22-89
111    <uses-permission android:name="com.huawei.android.launcher.permission.WRITE_SETTINGS" /> <!-- for ZUK -->
111-->[me.leolin:ShortcutBadger:1.1.22] AndroidManifest.xml:39:5-93
111-->[me.leolin:ShortcutBadger:1.1.22] AndroidManifest.xml:39:22-90
112    <uses-permission android:name="android.permission.READ_APP_BADGE" /> <!-- for OPPO -->
112-->[me.leolin:ShortcutBadger:1.1.22] AndroidManifest.xml:42:5-73
112-->[me.leolin:ShortcutBadger:1.1.22] AndroidManifest.xml:42:22-70
113    <uses-permission android:name="com.oppo.launcher.permission.READ_SETTINGS" />
113-->[me.leolin:ShortcutBadger:1.1.22] AndroidManifest.xml:45:5-82
113-->[me.leolin:ShortcutBadger:1.1.22] AndroidManifest.xml:45:22-79
114    <uses-permission android:name="com.oppo.launcher.permission.WRITE_SETTINGS" /> <!-- for EvMe -->
114-->[me.leolin:ShortcutBadger:1.1.22] AndroidManifest.xml:46:5-83
114-->[me.leolin:ShortcutBadger:1.1.22] AndroidManifest.xml:46:22-80
115    <uses-permission android:name="me.everything.badger.permission.BADGE_COUNT_READ" />
115-->[me.leolin:ShortcutBadger:1.1.22] AndroidManifest.xml:49:5-88
115-->[me.leolin:ShortcutBadger:1.1.22] AndroidManifest.xml:49:22-85
116    <uses-permission android:name="me.everything.badger.permission.BADGE_COUNT_WRITE" />
116-->[me.leolin:ShortcutBadger:1.1.22] AndroidManifest.xml:50:5-89
116-->[me.leolin:ShortcutBadger:1.1.22] AndroidManifest.xml:50:22-86
117    <uses-permission android:name="com.google.android.providers.gsf.permission.READ_GSERVICES" />
117-->[io.nlopez.smartlocation:library:3.3.3] AndroidManifest.xml:15:5-98
117-->[io.nlopez.smartlocation:library:3.3.3] AndroidManifest.xml:15:22-95
118    <uses-permission android:name="com.google.android.gms.permission.ACTIVITY_RECOGNITION" />
118-->[io.nlopez.smartlocation:library:3.3.3] AndroidManifest.xml:16:5-94
118-->[io.nlopez.smartlocation:library:3.3.3] AndroidManifest.xml:16:22-91
119
120    <application
120-->src/main/AndroidManifest.xml:5:5-25:19
121        android:name="com.sc.meadhikari.MainApplication"
121-->src/main/AndroidManifest.xml:6:7-38
122        android:allowBackup="false"
122-->src/main/AndroidManifest.xml:10:7-34
123        android:appComponentFactory="androidx.core.app.CoreComponentFactory"
123-->[androidx.core:core:1.12.0] AndroidManifest.xml:28:18-86
124        android:debuggable="true"
125        android:extractNativeLibs="false"
126        android:icon="@mipmap/ic_launcher"
126-->src/main/AndroidManifest.xml:8:7-41
127        android:label="@string/app_name"
127-->src/main/AndroidManifest.xml:7:7-39
128        android:roundIcon="@mipmap/ic_launcher_round"
128-->src/main/AndroidManifest.xml:9:7-52
129        android:supportsRtl="true"
129-->src/main/AndroidManifest.xml:12:7-33
130        android:theme="@style/AppTheme"
130-->src/main/AndroidManifest.xml:11:7-38
131        android:usesCleartextTraffic="true" >
131-->src/debug/AndroidManifest.xml:6:9-44
132        <activity
132-->src/main/AndroidManifest.xml:13:7-24:18
133            android:name="com.sc.meadhikari.MainActivity"
133-->src/main/AndroidManifest.xml:14:9-37
134            android:configChanges="keyboard|keyboardHidden|orientation|screenLayout|screenSize|smallestScreenSize|uiMode"
134-->src/main/AndroidManifest.xml:16:9-118
135            android:exported="true"
135-->src/main/AndroidManifest.xml:19:9-32
136            android:label="@string/app_name"
136-->src/main/AndroidManifest.xml:15:9-41
137            android:launchMode="singleTask"
137-->src/main/AndroidManifest.xml:17:9-40
138            android:windowSoftInputMode="adjustResize" >
138-->src/main/AndroidManifest.xml:18:9-51
139            <intent-filter>
139-->src/main/AndroidManifest.xml:20:9-23:25
140                <action android:name="android.intent.action.MAIN" />
140-->src/main/AndroidManifest.xml:21:13-65
140-->src/main/AndroidManifest.xml:21:21-62
141
142                <category android:name="android.intent.category.LAUNCHER" />
142-->src/main/AndroidManifest.xml:22:13-73
142-->src/main/AndroidManifest.xml:22:23-70
143            </intent-filter>
144        </activity>
145
146        <service
146-->[:react-native-firebase_messaging] AndroidManifest.xml:12:9-14:40
147            android:name="io.invertase.firebase.messaging.ReactNativeFirebaseMessagingHeadlessService"
147-->[:react-native-firebase_messaging] AndroidManifest.xml:13:13-103
148            android:exported="false" />
148-->[:react-native-firebase_messaging] AndroidManifest.xml:14:13-37
149        <service
149-->[:react-native-firebase_messaging] AndroidManifest.xml:15:9-21:19
150            android:name="io.invertase.firebase.messaging.ReactNativeFirebaseMessagingService"
150-->[:react-native-firebase_messaging] AndroidManifest.xml:16:13-95
151            android:exported="false" >
151-->[:react-native-firebase_messaging] AndroidManifest.xml:17:13-37
152            <intent-filter>
152-->[:react-native-firebase_messaging] AndroidManifest.xml:18:13-20:29
153                <action android:name="com.google.firebase.MESSAGING_EVENT" />
153-->[:react-native-firebase_messaging] AndroidManifest.xml:19:17-78
153-->[:react-native-firebase_messaging] AndroidManifest.xml:19:25-75
154            </intent-filter>
155        </service>
156
157        <receiver
157-->[:react-native-firebase_messaging] AndroidManifest.xml:23:9-30:20
158            android:name="io.invertase.firebase.messaging.ReactNativeFirebaseMessagingReceiver"
158-->[:react-native-firebase_messaging] AndroidManifest.xml:24:13-96
159            android:exported="true"
159-->[:react-native-firebase_messaging] AndroidManifest.xml:25:13-36
160            android:permission="com.google.android.c2dm.permission.SEND" >
160-->[:react-native-firebase_messaging] AndroidManifest.xml:26:13-73
161            <intent-filter>
161-->[:react-native-firebase_messaging] AndroidManifest.xml:27:13-29:29
162                <action android:name="com.google.android.c2dm.intent.RECEIVE" />
162-->[:react-native-firebase_messaging] AndroidManifest.xml:28:17-81
162-->[:react-native-firebase_messaging] AndroidManifest.xml:28:25-78
163            </intent-filter>
164        </receiver>
165
166        <meta-data
166-->[:react-native-firebase_messaging] AndroidManifest.xml:32:9-34:36
167            android:name="firebase_messaging_auto_init_enabled"
167-->[:react-native-firebase_messaging] AndroidManifest.xml:33:13-64
168            android:value="true" />
168-->[:react-native-firebase_messaging] AndroidManifest.xml:34:13-33
169        <meta-data
169-->[:react-native-firebase_messaging] AndroidManifest.xml:35:9-37:32
170            android:name="com.google.firebase.messaging.default_notification_channel_id"
170-->[:react-native-firebase_messaging] AndroidManifest.xml:36:13-89
171            android:value="" />
171-->[:react-native-firebase_messaging] AndroidManifest.xml:37:13-29
172        <meta-data
172-->[:react-native-firebase_messaging] AndroidManifest.xml:38:9-40:47
173            android:name="com.google.firebase.messaging.default_notification_color"
173-->[:react-native-firebase_messaging] AndroidManifest.xml:39:13-84
174            android:resource="@color/white" />
174-->[:react-native-firebase_messaging] AndroidManifest.xml:40:13-44
175        <meta-data
175-->[:react-native-firebase_app] AndroidManifest.xml:9:9-11:36
176            android:name="app_data_collection_default_enabled"
176-->[:react-native-firebase_app] AndroidManifest.xml:10:13-63
177            android:value="true" />
177-->[:react-native-firebase_app] AndroidManifest.xml:11:13-33
178
179        <service
179-->[:react-native-firebase_app] AndroidManifest.xml:13:9-21:19
180            android:name="com.google.firebase.components.ComponentDiscoveryService"
180-->[:react-native-firebase_app] AndroidManifest.xml:14:13-84
181            android:directBootAware="true"
181-->[:react-native-firebase_app] AndroidManifest.xml:15:13-43
182            android:exported="false" >
182-->[:react-native-firebase_app] AndroidManifest.xml:16:13-37
183            <meta-data
183-->[:react-native-firebase_app] AndroidManifest.xml:18:13-20:85
184                android:name="com.google.firebase.components:io.invertase.firebase.app.ReactNativeFirebaseAppRegistrar"
184-->[:react-native-firebase_app] AndroidManifest.xml:19:17-120
185                android:value="com.google.firebase.components.ComponentRegistrar" />
185-->[:react-native-firebase_app] AndroidManifest.xml:20:17-82
186            <meta-data
186-->[com.google.firebase:firebase-messaging:23.4.1] AndroidManifest.xml:57:13-59:85
187                android:name="com.google.firebase.components:com.google.firebase.messaging.FirebaseMessagingKtxRegistrar"
187-->[com.google.firebase:firebase-messaging:23.4.1] AndroidManifest.xml:58:17-122
188                android:value="com.google.firebase.components.ComponentRegistrar" />
188-->[com.google.firebase:firebase-messaging:23.4.1] AndroidManifest.xml:59:17-82
189            <meta-data
189-->[com.google.firebase:firebase-messaging:23.4.1] AndroidManifest.xml:60:13-62:85
190                android:name="com.google.firebase.components:com.google.firebase.messaging.FirebaseMessagingRegistrar"
190-->[com.google.firebase:firebase-messaging:23.4.1] AndroidManifest.xml:61:17-119
191                android:value="com.google.firebase.components.ComponentRegistrar" />
191-->[com.google.firebase:firebase-messaging:23.4.1] AndroidManifest.xml:62:17-82
192            <meta-data
192-->[com.google.firebase:firebase-installations:17.2.0] AndroidManifest.xml:15:13-17:85
193                android:name="com.google.firebase.components:com.google.firebase.installations.FirebaseInstallationsKtxRegistrar"
193-->[com.google.firebase:firebase-installations:17.2.0] AndroidManifest.xml:16:17-130
194                android:value="com.google.firebase.components.ComponentRegistrar" />
194-->[com.google.firebase:firebase-installations:17.2.0] AndroidManifest.xml:17:17-82
195            <meta-data
195-->[com.google.firebase:firebase-installations:17.2.0] AndroidManifest.xml:18:13-20:85
196                android:name="com.google.firebase.components:com.google.firebase.installations.FirebaseInstallationsRegistrar"
196-->[com.google.firebase:firebase-installations:17.2.0] AndroidManifest.xml:19:17-127
197                android:value="com.google.firebase.components.ComponentRegistrar" />
197-->[com.google.firebase:firebase-installations:17.2.0] AndroidManifest.xml:20:17-82
198            <meta-data
198-->[com.google.firebase:firebase-common-ktx:20.4.3] AndroidManifest.xml:12:13-14:85
199                android:name="com.google.firebase.components:com.google.firebase.ktx.FirebaseCommonLegacyRegistrar"
199-->[com.google.firebase:firebase-common-ktx:20.4.3] AndroidManifest.xml:13:17-116
200                android:value="com.google.firebase.components.ComponentRegistrar" />
200-->[com.google.firebase:firebase-common-ktx:20.4.3] AndroidManifest.xml:14:17-82
201            <meta-data
201-->[com.google.firebase:firebase-common:20.4.3] AndroidManifest.xml:35:13-37:85
202                android:name="com.google.firebase.components:com.google.firebase.FirebaseCommonKtxRegistrar"
202-->[com.google.firebase:firebase-common:20.4.3] AndroidManifest.xml:36:17-109
203                android:value="com.google.firebase.components.ComponentRegistrar" />
203-->[com.google.firebase:firebase-common:20.4.3] AndroidManifest.xml:37:17-82
204            <meta-data
204-->[com.google.firebase:firebase-datatransport:18.1.7] AndroidManifest.xml:27:13-29:85
205                android:name="com.google.firebase.components:com.google.firebase.datatransport.TransportRegistrar"
205-->[com.google.firebase:firebase-datatransport:18.1.7] AndroidManifest.xml:28:17-115
206                android:value="com.google.firebase.components.ComponentRegistrar" />
206-->[com.google.firebase:firebase-datatransport:18.1.7] AndroidManifest.xml:29:17-82
207        </service>
208
209        <provider
209-->[:react-native-firebase_app] AndroidManifest.xml:23:9-27:38
210            android:name="io.invertase.firebase.app.ReactNativeFirebaseAppInitProvider"
210-->[:react-native-firebase_app] AndroidManifest.xml:24:13-88
211            android:authorities="com.sc.meadhikari.reactnativefirebaseappinitprovider"
211-->[:react-native-firebase_app] AndroidManifest.xml:25:13-86
212            android:exported="false"
212-->[:react-native-firebase_app] AndroidManifest.xml:26:13-37
213            android:initOrder="99" />
213-->[:react-native-firebase_app] AndroidManifest.xml:27:13-35
214        <provider
214-->[:react-native-blob-util] AndroidManifest.xml:35:9-43:20
215            android:name="com.ReactNativeBlobUtil.Utils.FileProvider"
215-->[:react-native-blob-util] AndroidManifest.xml:36:13-70
216            android:authorities="com.sc.meadhikari.provider"
216-->[:react-native-blob-util] AndroidManifest.xml:37:13-60
217            android:exported="false"
217-->[:react-native-blob-util] AndroidManifest.xml:38:13-37
218            android:grantUriPermissions="true" >
218-->[:react-native-blob-util] AndroidManifest.xml:39:13-47
219            <meta-data
219-->[:react-native-blob-util] AndroidManifest.xml:40:13-42:58
220                android:name="android.support.FILE_PROVIDER_PATHS"
220-->[:react-native-blob-util] AndroidManifest.xml:41:17-67
221                android:resource="@xml/provider_paths" />
221-->[:react-native-blob-util] AndroidManifest.xml:42:17-55
222        </provider>
223
224        <activity
224-->[:react-native-razorpay] AndroidManifest.xml:8:9-10:86
225            android:name="com.razorpay.CheckoutActivity"
225-->[:react-native-razorpay] AndroidManifest.xml:9:13-57
226            android:configChanges="keyboard|keyboardHidden|orientation|screenSize"
226-->[:react-native-razorpay] AndroidManifest.xml:10:13-83
227            android:exported="false"
227-->[com.razorpay:standard-core:1.6.40] AndroidManifest.xml:54:13-37
228            android:theme="@style/CheckoutTheme" >
228-->[com.razorpay:standard-core:1.6.40] AndroidManifest.xml:55:13-49
229            <intent-filter>
229-->[com.razorpay:standard-core:1.6.40] AndroidManifest.xml:56:13-58:29
230                <action android:name="android.intent.action.MAIN" />
230-->src/main/AndroidManifest.xml:21:13-65
230-->src/main/AndroidManifest.xml:21:21-62
231            </intent-filter>
232        </activity>
233
234        <provider
234-->[:react-native-webview] AndroidManifest.xml:8:9-16:20
235            android:name="com.reactnativecommunity.webview.RNCWebViewFileProvider"
235-->[:react-native-webview] AndroidManifest.xml:9:13-83
236            android:authorities="com.sc.meadhikari.fileprovider"
236-->[:react-native-webview] AndroidManifest.xml:10:13-64
237            android:exported="false"
237-->[:react-native-webview] AndroidManifest.xml:11:13-37
238            android:grantUriPermissions="true" >
238-->[:react-native-webview] AndroidManifest.xml:12:13-47
239            <meta-data
239-->[:react-native-blob-util] AndroidManifest.xml:40:13-42:58
240                android:name="android.support.FILE_PROVIDER_PATHS"
240-->[:react-native-blob-util] AndroidManifest.xml:41:17-67
241                android:resource="@xml/file_provider_paths" />
241-->[:react-native-blob-util] AndroidManifest.xml:42:17-55
242        </provider>
243        <provider
243-->[:expo-clipboard] AndroidManifest.xml:8:9-15:20
244            android:name="expo.modules.clipboard.ClipboardFileProvider"
244-->[:expo-clipboard] AndroidManifest.xml:9:13-72
245            android:authorities="com.sc.meadhikari.ClipboardFileProvider"
245-->[:expo-clipboard] AndroidManifest.xml:10:13-73
246            android:exported="true" >
246-->[:expo-clipboard] AndroidManifest.xml:11:13-36
247            <meta-data
247-->[:expo-clipboard] AndroidManifest.xml:12:13-14:68
248                android:name="expo.modules.clipboard.CLIPBOARD_FILE_PROVIDER_PATHS"
248-->[:expo-clipboard] AndroidManifest.xml:13:17-84
249                android:resource="@xml/clipboard_provider_paths" />
249-->[:expo-clipboard] AndroidManifest.xml:14:17-65
250        </provider>
251        <provider
251-->[:expo-file-system] AndroidManifest.xml:21:9-30:20
252            android:name="expo.modules.filesystem.FileSystemFileProvider"
252-->[:expo-file-system] AndroidManifest.xml:22:13-74
253            android:authorities="com.sc.meadhikari.FileSystemFileProvider"
253-->[:expo-file-system] AndroidManifest.xml:23:13-74
254            android:exported="false"
254-->[:expo-file-system] AndroidManifest.xml:24:13-37
255            android:grantUriPermissions="true" >
255-->[:expo-file-system] AndroidManifest.xml:25:13-47
256            <meta-data
256-->[:react-native-blob-util] AndroidManifest.xml:40:13-42:58
257                android:name="android.support.FILE_PROVIDER_PATHS"
257-->[:react-native-blob-util] AndroidManifest.xml:41:17-67
258                android:resource="@xml/file_system_provider_paths" />
258-->[:react-native-blob-util] AndroidManifest.xml:42:17-55
259        </provider>
260
261        <service
261-->[:expo-image-picker] AndroidManifest.xml:30:9-42:19
262            android:name="com.google.android.gms.metadata.ModuleDependencies"
262-->[:expo-image-picker] AndroidManifest.xml:31:13-78
263            android:enabled="false"
263-->[:expo-image-picker] AndroidManifest.xml:32:13-36
264            android:exported="false" >
264-->[:expo-image-picker] AndroidManifest.xml:33:13-37
265            <intent-filter>
265-->[:expo-image-picker] AndroidManifest.xml:35:13-37:29
266                <action android:name="com.google.android.gms.metadata.MODULE_DEPENDENCIES" />
266-->[:expo-image-picker] AndroidManifest.xml:36:17-94
266-->[:expo-image-picker] AndroidManifest.xml:36:25-91
267            </intent-filter>
268
269            <meta-data
269-->[:expo-image-picker] AndroidManifest.xml:39:13-41:36